<?xml version="1.0" encoding="UTF-8"?>
<testsuite name="UsersTestSeleniumJ"
           tests="6"
           failures="0"
           errors="0"
           skipped="0"
           time="19,133">
    <properties></properties>



            <testcase
                name="testUserRegistration"
                time="2,278"
                classname="tests.TestUserRegistration">
            </testcase>
            <testcase
                name="testUserRegistration"
                time="2,467"
                classname="tests.TestUserRegistration">
            </testcase>
            <testcase
                name="testUserRegistration"
                time="2,073"
                classname="tests.TestUserRegistration">
            </testcase>
            <testcase
                name="testUserRegistration"
                time="2,309"
                classname="tests.TestUserRegistration">
            </testcase>
            <testcase
                name="testUserRegistration"
                time="7,260"
                classname="tests.TestUserRegistration">
            </testcase>
            <testcase
                name="testUserRegistration"
                time="2,746"
                classname="tests.TestUserRegistration">
            </testcase>
</testsuite>
